INFO	2021-07-30 11:24:12,864	0	client.ClientWindow	[Thread-0]	Message to chat from Server: 'Andy enters the chat!'
INFO	2021-07-30 11:24:24,077	11213	client.ClientWindow	[Thread-0]	Message to chat from Andy: ' Hey! Anybody home?'
INFO	2021-07-30 11:24:27,983	15119	client.ClientWindow	[Thread-0]	Message to chat from Andy: ' ok'
INFO	2021-07-30 11:24:33,104	20240	client.ClientWindow	[Thread-0]	Message to chat from Server: 'Andy has gone!'
ERROR	2021-07-30 11:24:33,104	20240	client.ClientWindow	[Thread-0]	java.lang.IllegalStateException: Scanner closed
INFO	2021-07-30 11:25:13,634	0	client.ClientWindow	[Thread-0]	Message to chat from Server: 'test enters the chat!'
INFO	2021-07-30 11:25:16,609	2975	client.ClientWindow	[Thread-0]	Message to chat from test: ' one'
INFO	2021-07-30 11:25:44,511	30877	client.ClientWindow	[Thread-0]	Message to chat from Server: 'test has gone!'
ERROR	2021-07-30 11:25:48,614	34980	client.ClientWindow	[Thread-0]	java.lang.IllegalStateException: Scanner closed
INFO	2021-07-30 11:41:34,242	0	client.ClientWindow	[Thread-0]	Message to chat from Server: 'A enters the chat!'
INFO	2021-07-30 11:41:38,015	3773	client.ClientWindow	[Thread-0]	Message to chat from Server: 'A has gone!'
ERROR	2021-07-30 11:41:38,016	3774	client.ClientWindow	[Thread-0]	java.lang.IllegalStateException: Scanner closed
INFO	2021-07-30 11:44:25,074	0	client.ClientWindow	[Thread-0]	Message to chat from Server: 'A enters the chat!'
INFO	2021-07-30 11:44:29,462	4388	client.ClientWindow	[Thread-0]	Message to chat from Server: 'A has gone!'
INFO	2021-07-30 11:45:05,672	0	client.ClientWindow	[Thread-0]	Message to chat from Server: 'A enters the chat!'
INFO	2021-07-30 11:45:09,923	4251	client.ClientWindow	[Thread-0]	Message to chat from Server: 'A has gone!'
ERROR	2021-07-30 11:45:09,923	4251	client.ClientWindow	[Thread-0]	java.lang.IllegalStateException: Scanner closed
INFO	2021-07-30 11:48:54,287	0	client.ClientWindow	[Thread-0]	Message to chat from Server: 'A enters the chat!'
INFO	2021-07-30 11:48:58,155	3868	client.ClientWindow	[Thread-0]	Message to chat from Server: 'A has gone!'
INFO	2021-07-30 11:59:34,026	0	client.ClientWindow	[Thread-0]	Message to chat from Server: 'A enters the chat!'
INFO	2021-07-30 11:59:36,823	2797	client.ClientWindow	[Thread-0]	Message to chat from A: ' s'
INFO	2021-07-30 12:42:56,749	0	client.ClientWindow	[Thread-0]	Message to chat from Server: 'Helena enters the chat!'
INFO	2021-07-30 12:43:03,247	6498	client.ClientWindow	[Thread-0]	Message to chat from Helena: ' Hey it's me'
INFO	2021-07-30 12:43:35,273	38524	client.ClientWindow	[Thread-0]	Message to chat from Server: 'A2 enters the chat!'
INFO	2021-07-30 12:43:35,309	0	client.ClientWindow	[Thread-0]	Message to chat from Server: 'A2 enters the chat!'
INFO	2021-07-30 12:43:42,683	45934	client.ClientWindow	[Thread-0]	Message to chat from A2: ' hi Helena'
INFO	2021-07-30 12:43:42,683	7374	client.ClientWindow	[Thread-0]	Message to chat from A2: ' hi Helena'
INFO	2021-07-30 12:43:52,031	55282	client.ClientWindow	[Thread-0]	Message to chat from Helena: ' yo'
INFO	2021-07-30 12:43:52,031	16722	client.ClientWindow	[Thread-0]	Message to chat from Helena: ' yo'
INFO	2021-07-30 12:43:58,860	62111	client.ClientWindow	[Thread-0]	Message to chat from Server: 'A2 has gone!'
INFO	2021-07-30 12:43:58,865	23556	client.ClientWindow	[Thread-0]	Message to chat from Server: 'A2 has gone!'
INFO	2021-07-30 13:06:56,538	0	client.ClientWindow	[Thread-0]	Message to chat from Server: 'A enters the chat!'
INFO	2021-07-30 13:06:58,548	2010	client.ClientWindow	[Thread-0]	Message to chat from A: ' s'
INFO	2021-07-30 13:07:02,129	5591	client.ClientWindow	[Thread-0]	Message to chat from Server: 'A has gone!'
INFO	2021-07-30 13:51:41,730	0	client.ClientWindow	[Thread-0]	Message to chat from Server: 'Aki enters the chat!'
INFO	2021-07-30 13:51:45,894	4164	client.ClientWindow	[Thread-0]	Message to chat from Aki: ' Hello'
INFO	2021-07-30 15:11:50,578	0	client.ClientWindow	[Thread-0]	Message to chat from Server: 'Ann enters the chat!'
INFO	2021-07-30 15:11:55,406	4828	client.ClientWindow	[Thread-0]	Message to chat from Ann: ' hi'
INFO	2021-07-30 15:12:24,372	33794	client.ClientWindow	[Thread-0]	Message to chat from Server: 'Den enters the chat!'
INFO	2021-07-30 15:12:24,405	0	client.ClientWindow	[Thread-0]	Message to chat from Server: 'Den enters the chat!'
INFO	2021-07-30 15:12:35,230	44652	client.ClientWindow	[Thread-0]	Message to chat from Den: ' hello u'
INFO	2021-07-30 15:12:35,230	10825	client.ClientWindow	[Thread-0]	Message to chat from Den: ' hello u'
INFO	2021-07-30 15:12:40,698	50120	client.ClientWindow	[Thread-0]	Message to chat from Server: 'Den has gone!'
INFO	2021-08-03 17:43:42,093	0	client.ClientWindow	[Thread-0]	Message to chat from Server: ' enters the chat!'
INFO	2021-08-03 17:44:41,130	0	client.ClientWindow	[Thread-0]	Message to chat from Server: ' enters the chat!'
INFO	2021-08-03 17:57:04,846	0	client.ClientWindow	[Thread-0]	Message to chat from Server: 'Test user enters the chat!'
INFO	2021-08-03 18:03:52,976	0	client.ClientWindow	[Thread-0]	Message to chat from Server: 'Test user enters the chat!'
INFO	2021-08-03 18:05:37,686	0	client.ClientWindow	[Thread-0]	Message to chat from Server: 'Test user enters the chat!'
INFO	2021-08-03 18:10:52,165	0	client.ClientWindow	[Thread-0]	Message to chat from Server: 'Test user enters the chat!'
INFO	2021-08-03 18:12:47,975	0	client.ClientWindow	[Thread-0]	Message to chat from Server: 'Test user enters the chat!'
INFO	2021-08-03 18:20:01,259	0	client.ClientWindow	[Thread-0]	Message to chat from Server: 'Test user enters the chat!'
INFO	2021-08-03 18:21:18,175	0	client.ClientWindow	[Thread-0]	Message to chat from Server: 'Test user enters the chat!'
INFO	2021-08-03 18:23:02,791	0	client.ClientWindow	[Thread-0]	Message to chat from Server: 'Test user enters the chat!'
INFO	2021-08-03 18:26:02,596	0	client.ClientWindow	[Thread-0]	Message to chat from Server: 'Test user enters the chat!'
INFO	2021-08-03 18:48:29,007	0	client.ClientWindow	[Thread-0]	Message to chat from Server: 'Helena enters the chat!'
INFO	2021-08-03 18:48:37,742	8735	client.ClientWindow	[Thread-0]	Message to chat from Helena: ' Hi! It's me'
INFO	2021-08-03 18:49:11,443	0	client.ClientWindow	[Thread-0]	Message to chat from Server: 'Akiko enters the chat!'
INFO	2021-08-03 18:49:18,780	7337	client.ClientWindow	[Thread-0]	Message to chat from Akiko: ' Hello'
INFO	2021-08-03 19:18:03,178	0	client.ClientWindow	[Thread-0]	Message to chat from Server: 'Test user enters the chat!'
INFO	2021-08-03 19:18:03,257	79	client.ClientWindow	[Thread-0]	Message to chat from Server: 'New user has gone!'
INFO	2021-08-03 19:18:03,268	90	client.ClientWindow	[Thread-0]	Message to chat from Server: 'Test user enters the chat!'
INFO	2021-08-03 19:18:03,278	100	client.ClientWindow	[Thread-0]	Message to chat from Test user: ' Test message'
INFO	2021-08-03 19:18:03,284	106	client.ClientWindow	[Thread-0]	Message to chat from Server: 'New user has gone!'
INFO	2021-08-03 19:18:03,296	118	client.ClientWindow	[Thread-0]	Message to chat from Server: 'Test user1 enters the chat!'
INFO	2021-08-03 19:18:03,373	195	client.ClientWindow	[Thread-0]	Message to chat from Server: 'Test user has gone!'
INFO	2021-08-03 19:18:03,383	205	client.ClientWindow	[Thread-0]	Message to chat from Server: 'New user has gone!'
INFO	2021-08-03 19:18:03,401	223	client.ClientWindow	[Thread-0]	Message to chat from Server: 'Test user1 has gone!'
INFO	2021-08-03 19:18:03,404	226	client.ClientWindow	[Thread-0]	Message to chat from Server: 'New user has gone!'
ERROR	2021-08-10 11:49:45,040	0	client.Client	[AWT-EventQueue-0]	java.net.ConnectException: Connection refused
ERROR	2021-08-10 11:50:11,565	26525	client.EnterWindow	[AWT-EventQueue-0]	java.lang.NullPointerException: Cannot invoke "java.io.PrintWriter.println(String)" because "this.messageOutput" is null
INFO	2021-08-10 11:50:44,449	0	client.ClientWindow	[Thread-0]	Message to chat from Server: 'Helena enters the chat!'
INFO	2021-08-10 11:51:19,978	35529	client.ClientWindow	[Thread-0]	Message to chat from Helena: ' Hello!'
INFO	2021-08-10 11:53:02,611	138162	client.ClientWindow	[Thread-0]	Message to chat from Server: 'Andy enters the chat!'
INFO	2021-08-10 11:55:02,694	258245	client.ClientWindow	[Thread-0]	Message to chat from Andy: ' Hey, Helena! What's up?'
INFO	2021-08-10 11:55:21,368	276919	client.ClientWindow	[Thread-0]	Message to chat from Helena: ' Awesome'
INFO	2021-08-10 11:55:55,703	311254	client.ClientWindow	[Thread-0]	Message to chat from Andy: ' Ok, bye'
INFO	2021-08-10 11:56:17,528	333079	client.ClientWindow	[Thread-0]	Message to chat from Server: 'Andy has gone!'
INFO	2021-08-10 11:56:17,633	333184	client.ClientWindow	[Thread-0]	Message to chat from Server: 'Andy has gone!'
INFO	2021-08-10 13:47:21,853	0	client.ClientWindow	[Thread-0]	Message to chat from Server: 'Helena enters the chat!'
INFO	2021-08-10 13:48:13,246	51393	client.ClientWindow	[Thread-0]	Message to chat from Server: 'Andy enters the chat!'
INFO	2021-08-10 13:48:33,564	71711	client.ClientWindow	[Thread-0]	Message to chat from Server: 'Andy has gone!'
INFO	2021-08-10 13:48:33,670	71817	client.ClientWindow	[Thread-0]	Message to chat from Server: 'Andy has gone!'
INFO	2021-08-18 21:46:34,630	0	client.ClientWindow	[Thread-0]	Message to chat from Server: 'Elyne enters the chat!'
INFO	2021-08-18 21:46:41,532	6902	client.ClientWindow	[Thread-0]	Message to chat from Elyne: ' Hi!'
INFO	2021-08-18 21:48:42,815	128185	client.ClientWindow	[Thread-0]	Message to chat from Server: 'Akiko enters the chat!'
INFO	2021-08-18 21:48:54,529	139899	client.ClientWindow	[Thread-0]	Message to chat from Akiko: ' Hello'
INFO	2021-08-18 21:49:03,695	149065	client.ClientWindow	[Thread-0]	Message to chat from Server: 'Elyne has gone!'
INFO	2021-08-18 21:49:22,551	0	client.ClientWindow	[Thread-0]	Message to chat from Server: 'Andy enters the chat!'
INFO	2021-08-18 21:49:32,140	9589	client.ClientWindow	[Thread-0]	Message to chat from Andy: ' Hey'
INFO	2021-08-18 21:49:36,219	13668	client.ClientWindow	[Thread-0]	Message to chat from Server: 'Akiko has gone!'
INFO	2021-08-18 21:49:48,161	25610	client.ClientWindow	[Thread-0]	Message to chat from Server: 'Helena enters the chat!'
INFO	2021-08-18 21:49:54,122	31571	client.ClientWindow	[Thread-0]	Message to chat from Helena: ' ups'
INFO	2021-08-18 21:49:58,362	35811	client.ClientWindow	[Thread-0]	Message to chat from Server: 'Helena has gone!'
ERROR	2021-08-18 21:51:14,052	0	client.Client	[AWT-EventQueue-0]	java.net.ConnectException: Connection refused
ERROR	2021-08-18 21:51:15,074	1022	client.EnterWindow	[AWT-EventQueue-0]	java.lang.NullPointerException: Cannot invoke "java.io.PrintWriter.println(String)" because "this.messageOutput" is null
